<?xml version="1.0" encoding="UTF-8"?>
<!-- Generated by org.testng.reporters.JUnitReportReporter -->
<testsuite hostname="LAPTOP-PDN8OJMR" failures="0" tests="1" name="com.inetbanking.testCases.TC_LoginTest_001" time="8.282" errors="0" timestamp="13 Mar 2022 20:03:33 GMT" skipped="0">
  <testcase classname="com.inetbanking.testCases.TC_LoginTest_001" name="LoginTest" time="8.282"/>
</testsuite> <!-- com.inetbanking.testCases.TC_LoginTest_001 -->
