<?xml version="1.0" encoding="UTF-8"?>
<!-- Generated by org.testng.reporters.JUnitReportReporter -->
<testsuite hostname="LAPTOP-PDN8OJMR" failures="0" tests="1" name="com.inetbanking.testCases.TC_LoginTest_001" time="8.426" errors="0" timestamp="15 Mar 2022 10:48:16 GMT" skipped="0">
  <testcase classname="com.inetbanking.testCases.TC_LoginTest_001" name="LoginTest" time="8.426"/>
</testsuite> <!-- com.inetbanking.testCases.TC_LoginTest_001 -->
